<?xml version="1.0" encoding="UTF-8"?>
<testng-results ignored="0" total="3" passed="3" failed="0" skipped="0">
  <reporter-output>
  </reporter-output>
  <suite started-at="2024-10-10T14:38:35 IST" name="CrossBrowser Suite" finished-at="2024-10-10T14:39:00 IST" duration-ms="24844">
    <groups>
    </groups>
    <test started-at="2024-10-10T14:38:35 IST" name="Chrome Test" finished-at="2024-10-10T14:38:55 IST" duration-ms="20116">
      <class name="amazon.crossbrowseer.testing">
        <test-method signature="browserTest(java.lang.String)[pri:0, instance:amazon.crossbrowseer.testing@72f926e6]" started-at="2024-10-10T14:38:35 IST" name="browserTest" finished-at="2024-10-10T14:38:55 IST" duration-ms="20036" status="PASS">
          <params>
            <param index="0">
              <value>
                <![CDATA[chrome]]>
              </value>
            </param>
          </params>
          <reporter-output>
          </reporter-output>
        </test-method> <!-- browserTest -->
      </class> <!-- amazon.crossbrowseer.testing -->
    </test> <!-- Chrome Test -->
    <test started-at="2024-10-10T14:38:35 IST" name="Firefox Test" finished-at="2024-10-10T14:38:58 IST" duration-ms="22841">
      <class name="amazon.crossbrowseer.testing">
        <test-method signature="browserTest(java.lang.String)[pri:0, instance:amazon.crossbrowseer.testing@12468a38]" started-at="2024-10-10T14:38:35 IST" name="browserTest" finished-at="2024-10-10T14:38:58 IST" duration-ms="22769" status="PASS">
          <params>
            <param index="0">
              <value>
                <![CDATA[firefox]]>
              </value>
            </param>
          </params>
          <reporter-output>
          </reporter-output>
        </test-method> <!-- browserTest -->
      </class> <!-- amazon.crossbrowseer.testing -->
    </test> <!-- Firefox Test -->
    <test started-at="2024-10-10T14:38:35 IST" name="Edge Test" finished-at="2024-10-10T14:39:00 IST" duration-ms="24844">
      <class name="amazon.crossbrowseer.testing">
        <test-method signature="browserTest(java.lang.String)[pri:0, instance:amazon.crossbrowseer.testing@59309333]" started-at="2024-10-10T14:38:35 IST" name="browserTest" finished-at="2024-10-10T14:39:00 IST" duration-ms="24772" status="PASS">
          <params>
            <param index="0">
              <value>
                <![CDATA[edge]]>
              </value>
            </param>
          </params>
          <reporter-output>
          </reporter-output>
        </test-method> <!-- browserTest -->
      </class> <!-- amazon.crossbrowseer.testing -->
    </test> <!-- Edge Test -->
  </suite> <!-- CrossBrowser Suite -->
</testng-results>
