<?xml version="1.0" encoding="UTF-8"?>
<testsuite xmlns:xsi="http://www.w3.org/2001/XMLSchema-instance" xsi:noNamespaceSchemaLocation="https://maven.apache.org/surefire/maven-surefire-plugin/xsd/surefire-test-report.xsd" version="3.0.1" name="TestSuite" time="25.551" tests="3" errors="0" skipped="0" failures="0">
  <properties>
[...]
</properties>
  <testcase name="browserTest[chrome](1)" classname="amazon.crossbrowseer.testing" time="20.036">
    <system-out><![CDATA[Connection Established with Edge Browser
Connection Established with Chrome Browser
Connection Established with Firefox Browser
Application Executing Parallelly!
]]></system-out>
    <system-err><![CDATA[SLF4J: Failed to load class "org.slf4j.impl.StaticLoggerBinder".
SLF4J: Defaulting to no-operation (NOP) logger implementation
SLF4J: See http://www.slf4j.org/codes.html#StaticLoggerBinder for further details.
Oct 10, 2024 2:38:35 PM org.openqa.selenium.remote.tracing.opentelemetry.OpenTelemetryTracer createTracer
INFO: Using OpenTelemetry for tracing
]]></system-err>
  </testcase>
  <testcase name="browserTest[firefox](1)" classname="amazon.crossbrowseer.testing" time="22.764">
    <system-out><![CDATA[Application Executing Parallelly!
]]></system-out>
  </testcase>
  <testcase name="browserTest[edge](1)" classname="amazon.crossbrowseer.testing" time="24.766">
    <system-out><![CDATA[Application Executing Parallelly!
]]></system-out>
  </testcase>
</testsuite>